Dez 27, 2014 4:52:26 PM main.Controller <init>
Information: Controller started
Dez 27, 2014 4:52:26 PM main.Controller run
Information: Crawler started
Dez 27, 2014 4:52:29 PM main.Controller run
Information: StatusProcessors started
Dez 27, 2014 4:52:39 PM main.Controller limitQueue
Information: StreamListener refreshed
Dez 27, 2014 4:52:40 PM main.MyStatusListener onException
Warnung: 420:Returned by the Search and Trends API when you are being rate limited (https://dev.twitter.com/docs/rate-limiting).
Returned by the Streaming API:
 Too many login attempts in a short period of time.
 Running too many copies of the same application authenticating with the same account name.
Exceeded connection limit for user


Dez 27, 2014 4:52:40 PM main.MyStatusListener onException
Warnung: 420:Returned by the Search and Trends API when you are being rate limited (https://dev.twitter.com/docs/rate-limiting).
Returned by the Streaming API:
 Too many login attempts in a short period of time.
 Running too many copies of the same application authenticating with the same account name.
Exceeded connection limit for user


Dez 27, 2014 4:52:45 PM main.AccountUpdate run
Information: AccountUpdate has been interrupted: 
sleep interrupted
Dez 27, 2014 4:52:45 PM main.Controller limitQueue
Information: Controller has been interrupted: 
sleep interrupted
Dez 27, 2014 4:52:50 PM locate.Locator getLocation
Information: Webservice meldet Fehler: Connection timed out: connect
Dez 27, 2014 4:52:50 PM locate.Locator getLocation
Information: Webservice meldet Fehler: Connection timed out: connect
Dez 27, 2014 4:52:50 PM locate.Locator getLocation
Information: Webservice meldet Fehler: Connection timed out: connect
Dez 27, 2014 4:52:50 PM locate.Locator getLocation
Information: Webservice meldet Fehler: Connection timed out: connect
Dez 27, 2014 4:52:50 PM locate.Locator getLocation
Information: Webservice meldet Fehler: Connection timed out: connect
Dez 27, 2014 4:52:50 PM locate.Locator getLocation
Information: Webservice meldet Fehler: Connection timed out: connect
Dez 27, 2014 4:52:50 PM locate.Locator getLocation
Information: Webservice meldet Fehler: Connection timed out: connect
Dez 27, 2014 4:52:50 PM locate.Locator getLocation
Information: Webservice meldet Fehler: Connection timed out: connect
Dez 27, 2014 4:52:50 PM locate.Locator getLocation
Information: Webservice meldet Fehler: Connection timed out: connect
Dez 27, 2014 4:52:50 PM locate.Locator getLocation
Information: Webservice meldet Fehler: Connection timed out: connect
Dez 27, 2014 4:52:51 PM locate.Locator getLocation
Information: Webservice meldet Fehler: Connection timed out: connect
Dez 27, 2014 4:52:51 PM locate.Locator getLocation
Information: Webservice meldet Fehler: Connection timed out: connect
Dez 27, 2014 4:52:51 PM locate.Locator getLocation
Information: Webservice meldet Fehler: Connection timed out: connect
Dez 27, 2014 4:52:51 PM locate.Locator getLocation
Information: Webservice meldet Fehler: Connection timed out: connect
Dez 27, 2014 4:52:51 PM locate.Locator getLocation
Information: Webservice meldet Fehler: Connection timed out: connect
Dez 27, 2014 4:52:51 PM locate.Locator getLocation
Information: Webservice meldet Fehler: Connection timed out: connect
Dez 27, 2014 4:52:51 PM locate.Locator getLocation
Information: Webservice meldet Fehler: Connection timed out: connect
Dez 27, 2014 4:52:51 PM locate.Locator getLocation
Information: Webservice meldet Fehler: Connection timed out: connect
Dez 27, 2014 4:52:51 PM locate.Locator getLocation
Information: Webservice meldet Fehler: Connection timed out: connect
Dez 27, 2014 4:52:51 PM locate.Locator getLocation
Information: Webservice meldet Fehler: Connection timed out: connect
Dez 27, 2014 4:53:11 PM locate.Locator getLocation
Information: Webservice meldet Fehler: Connection timed out: connect
Dez 27, 2014 4:53:11 PM locate.Locator getLocation
Information: Webservice meldet Fehler: Connection timed out: connect
Dez 27, 2014 4:53:11 PM locate.Locator getLocation
Information: Webservice meldet Fehler: Connection timed out: connect
Dez 27, 2014 4:53:11 PM locate.Locator getLocation
Information: Webservice meldet Fehler: Connection timed out: connect
Dez 27, 2014 4:53:12 PM locate.Locator getLocation
Information: Webservice meldet Fehler: Connection timed out: connect
Dez 27, 2014 4:53:12 PM locate.Locator getLocation
Information: Webservice meldet Fehler: Connection timed out: connect
Dez 27, 2014 4:53:12 PM locate.Locator getLocation
Information: Webservice meldet Fehler: Connection timed out: connect
Dez 27, 2014 4:53:12 PM locate.Locator getLocation
Information: Webservice meldet Fehler: Connection timed out: connect
Dez 27, 2014 4:53:12 PM locate.Locator getLocation
Information: Webservice meldet Fehler: Connection timed out: connect
Dez 27, 2014 4:53:12 PM locate.Locator getLocation
Information: Webservice meldet Fehler: Connection timed out: connect
Dez 27, 2014 4:53:12 PM locate.Locator getLocation
Information: Webservice meldet Fehler: Connection timed out: connect
Dez 27, 2014 4:53:12 PM locate.Locator getLocation
Information: Webservice meldet Fehler: Connection timed out: connect
Dez 27, 2014 4:53:12 PM locate.Locator getLocation
Information: Webservice meldet Fehler: Connection timed out: connect
Dez 27, 2014 4:53:12 PM locate.Locator getLocation
Information: Webservice meldet Fehler: Connection timed out: connect
Dez 27, 2014 4:53:13 PM locate.Locator getLocation
Information: Webservice meldet Fehler: Connection timed out: connect
Dez 27, 2014 4:53:13 PM locate.Locator getLocation
Information: Webservice meldet Fehler: Connection timed out: connect
Dez 27, 2014 4:53:13 PM locate.Locator getLocation
Information: Webservice meldet Fehler: Connection timed out: connect
Dez 27, 2014 4:53:13 PM locate.Locator getLocation
Information: Webservice meldet Fehler: Connection timed out: connect
Dez 27, 2014 4:53:13 PM locate.Locator getLocation
Information: Webservice meldet Fehler: Connection timed out: connect
Dez 27, 2014 4:53:13 PM locate.Locator getLocation
Information: Webservice meldet Fehler: Connection timed out: connect
Dez 27, 2014 4:53:32 PM locate.Locator getLocation
Information: Webservice meldet Fehler: Connection timed out: connect
Dez 27, 2014 4:53:32 PM locate.Locator getLocation
Information: Webservice meldet Fehler: Connection timed out: connect
Dez 27, 2014 4:53:32 PM locate.Locator getLocation
Information: Webservice meldet Fehler: Connection timed out: connect
Dez 27, 2014 4:53:33 PM locate.Locator getLocation
Information: Webservice meldet Fehler: Connection timed out: connect
Dez 27, 2014 4:53:33 PM locate.Locator getLocation
Information: Webservice meldet Fehler: Connection timed out: connect
Dez 27, 2014 4:53:33 PM locate.Locator getLocation
Information: Webservice meldet Fehler: Connection timed out: connect
Dez 27, 2014 4:53:33 PM locate.Locator getLocation
Information: Webservice meldet Fehler: Connection timed out: connect
Dez 27, 2014 4:53:33 PM locate.Locator getLocation
Information: Webservice meldet Fehler: Connection timed out: connect
Dez 27, 2014 4:53:33 PM locate.Locator getLocation
Information: Webservice meldet Fehler: Connection timed out: connect
Dez 27, 2014 4:53:33 PM locate.Locator getLocation
Information: Webservice meldet Fehler: Connection timed out: connect
Dez 27, 2014 4:53:33 PM locate.Locator getLocation
Information: Webservice meldet Fehler: Connection timed out: connect
Dez 27, 2014 4:53:33 PM locate.Locator getLocation
Information: Webservice meldet Fehler: Connection timed out: connect
Dez 27, 2014 4:53:33 PM locate.Locator getLocation
Information: Webservice meldet Fehler: Connection timed out: connect
Dez 27, 2014 4:53:34 PM locate.Locator getLocation
Information: Webservice meldet Fehler: Connection timed out: connect
Dez 27, 2014 4:53:34 PM locate.Locator getLocation
Information: Webservice meldet Fehler: Connection timed out: connect
Dez 27, 2014 4:53:34 PM locate.Locator getLocation
Information: Webservice meldet Fehler: Connection timed out: connect
Dez 27, 2014 4:53:34 PM locate.Locator getLocation
Information: Webservice meldet Fehler: Connection timed out: connect
Dez 27, 2014 4:53:34 PM locate.Locator getLocation
Information: Webservice meldet Fehler: Connection timed out: connect
Dez 27, 2014 4:53:34 PM locate.Locator getLocation
Information: Webservice meldet Fehler: Connection timed out: connect
Dez 27, 2014 4:53:34 PM locate.Locator getLocation
Information: Webservice meldet Fehler: Connection timed out: connect
Dez 27, 2014 4:53:53 PM locate.Locator getLocation
Information: Webservice meldet Fehler: Connection timed out: connect
Dez 27, 2014 4:53:53 PM locate.Locator getLocation
Information: Webservice meldet Fehler: Connection timed out: connect
Dez 27, 2014 4:53:54 PM locate.Locator getLocation
Information: Webservice meldet Fehler: Connection timed out: connect
Dez 27, 2014 4:53:54 PM locate.Locator getLocation
Information: Webservice meldet Fehler: Connection timed out: connect
Dez 27, 2014 4:53:54 PM locate.Locator getLocation
Information: Webservice meldet Fehler: Connection timed out: connect
Dez 27, 2014 4:53:54 PM locate.Locator getLocation
Information: Webservice meldet Fehler: Connection timed out: connect
Dez 27, 2014 4:53:54 PM locate.Locator getLocation
Information: Webservice meldet Fehler: Connection timed out: connect
Dez 27, 2014 4:53:54 PM locate.Locator getLocation
Information: Webservice meldet Fehler: Connection timed out: connect
Dez 27, 2014 4:53:54 PM locate.Locator getLocation
Information: Webservice meldet Fehler: Connection timed out: connect
Dez 27, 2014 4:53:54 PM locate.Locator getLocation
Information: Webservice meldet Fehler: Connection timed out: connect
Dez 27, 2014 4:53:55 PM locate.Locator getLocation
Information: Webservice meldet Fehler: Connection timed out: connect
Dez 27, 2014 4:53:55 PM locate.Locator getLocation
Information: Webservice meldet Fehler: Connection timed out: connect
Dez 27, 2014 4:53:55 PM locate.Locator getLocation
Information: Webservice meldet Fehler: Connection timed out: connect
Dez 27, 2014 4:53:55 PM locate.Locator getLocation
Information: Webservice meldet Fehler: Connection timed out: connect
Dez 27, 2014 4:53:55 PM locate.Locator getLocation
Information: Webservice meldet Fehler: Connection timed out: connect
Dez 27, 2014 4:53:55 PM locate.Locator getLocation
Information: Webservice meldet Fehler: Connection timed out: connect
Dez 27, 2014 4:53:55 PM locate.Locator getLocation
Information: Webservice meldet Fehler: Connection timed out: connect
Dez 27, 2014 4:53:55 PM locate.Locator getLocation
Information: Webservice meldet Fehler: Connection timed out: connect
Dez 27, 2014 4:53:55 PM locate.Locator getLocation
Information: Webservice meldet Fehler: Connection timed out: connect
Dez 27, 2014 4:53:55 PM locate.Locator getLocation
Information: Webservice meldet Fehler: Connection timed out: connect
Dez 27, 2014 4:54:14 PM locate.Locator getLocation
Information: Webservice meldet Fehler: Connection timed out: connect
Dez 27, 2014 4:54:15 PM locate.Locator getLocation
Information: Webservice meldet Fehler: Connection timed out: connect
Dez 27, 2014 4:54:15 PM locate.Locator getLocation
Information: Webservice meldet Fehler: Connection timed out: connect
Dez 27, 2014 4:54:15 PM locate.Locator getLocation
Information: Webservice meldet Fehler: Connection timed out: connect
Dez 27, 2014 4:54:15 PM locate.Locator getLocation
Information: Webservice meldet Fehler: Connection timed out: connect
Dez 27, 2014 4:54:15 PM locate.Locator getLocation
Information: Webservice meldet Fehler: Connection timed out: connect
Dez 27, 2014 4:54:16 PM locate.Locator getLocation
Information: Webservice meldet Fehler: Connection timed out: connect
Dez 27, 2014 4:54:16 PM locate.Locator getLocation
Information: Webservice meldet Fehler: Connection timed out: connect
Dez 27, 2014 4:54:16 PM locate.Locator getLocation
Information: Webservice meldet Fehler: Connection timed out: connect
Dez 27, 2014 4:54:16 PM locate.Locator getLocation
Information: Webservice meldet Fehler: Connection timed out: connect
Dez 27, 2014 4:54:16 PM locate.Locator getLocation
Information: Webservice meldet Fehler: Connection timed out: connect
Dez 27, 2014 4:54:16 PM locate.Locator getLocation
Information: Webservice meldet Fehler: Connection timed out: connect
Dez 27, 2014 4:54:16 PM locate.Locator getLocation
Information: Webservice meldet Fehler: Connection timed out: connect
Dez 27, 2014 4:54:16 PM locate.Locator getLocation
Information: Webservice meldet Fehler: Connection timed out: connect
Dez 27, 2014 4:54:16 PM locate.Locator getLocation
Information: Webservice meldet Fehler: Connection timed out: connect
Dez 27, 2014 4:54:16 PM locate.Locator getLocation
Information: Webservice meldet Fehler: Connection timed out: connect
Dez 27, 2014 4:54:16 PM locate.Locator getLocation
Information: Webservice meldet Fehler: Connection timed out: connect
Dez 27, 2014 4:54:16 PM locate.Locator getLocation
Information: Webservice meldet Fehler: Connection timed out: connect
Dez 27, 2014 4:54:16 PM locate.Locator getLocation
Information: Webservice meldet Fehler: Connection timed out: connect
Dez 27, 2014 4:54:16 PM locate.Locator getLocation
Information: Webservice meldet Fehler: Connection timed out: connect
Dez 27, 2014 4:54:36 PM locate.Locator getLocation
Information: Webservice meldet Fehler: Connection timed out: connect
Dez 27, 2014 4:54:36 PM locate.Locator getLocation
Information: Webservice meldet Fehler: Connection timed out: connect
Dez 27, 2014 4:54:36 PM locate.Locator getLocation
Information: Webservice meldet Fehler: Connection timed out: connect
Dez 27, 2014 4:54:36 PM locate.Locator getLocation
Information: Webservice meldet Fehler: Connection timed out: connect
Dez 27, 2014 4:54:36 PM locate.Locator getLocation
Information: Webservice meldet Fehler: Connection timed out: connect
Dez 27, 2014 4:54:37 PM locate.Locator getLocation
Information: Webservice meldet Fehler: Connection timed out: connect
Dez 27, 2014 4:54:37 PM locate.Locator getLocation
Information: Webservice meldet Fehler: Connection timed out: connect
Dez 27, 2014 4:54:37 PM locate.Locator getLocation
Information: Webservice meldet Fehler: Connection timed out: connect
Dez 27, 2014 4:54:37 PM locate.Locator getLocation
Information: Webservice meldet Fehler: Connection timed out: connect
Dez 27, 2014 4:54:37 PM locate.Locator getLocation
Information: Webservice meldet Fehler: Connection timed out: connect
Dez 27, 2014 4:54:37 PM locate.Locator getLocation
Information: Webservice meldet Fehler: Connection timed out: connect
Dez 27, 2014 4:54:37 PM locate.Locator getLocation
Information: Webservice meldet Fehler: Connection timed out: connect
Dez 27, 2014 4:54:37 PM locate.Locator getLocation
Information: Webservice meldet Fehler: Connection timed out: connect
Dez 27, 2014 4:54:37 PM locate.Locator getLocation
Information: Webservice meldet Fehler: Connection timed out: connect
Dez 27, 2014 4:54:37 PM locate.Locator getLocation
Information: Webservice meldet Fehler: Connection timed out: connect
Dez 27, 2014 4:54:37 PM locate.Locator getLocation
Information: Webservice meldet Fehler: Connection timed out: connect
Dez 27, 2014 4:54:37 PM locate.Locator getLocation
Information: Webservice meldet Fehler: Connection timed out: connect
Dez 27, 2014 4:54:37 PM locate.Locator getLocation
Information: Webservice meldet Fehler: Connection timed out: connect
Dez 27, 2014 4:54:37 PM locate.Locator getLocation
Information: Webservice meldet Fehler: Connection timed out: connect
Dez 27, 2014 4:54:38 PM locate.Locator getLocation
Information: Webservice meldet Fehler: Connection timed out: connect
Dez 27, 2014 4:54:57 PM locate.Locator getLocation
Information: Webservice meldet Fehler: Connection timed out: connect
Dez 27, 2014 4:54:57 PM locate.Locator getLocation
Information: Webservice meldet Fehler: Connection timed out: connect
Dez 27, 2014 4:54:57 PM locate.Locator getLocation
Information: Webservice meldet Fehler: Connection timed out: connect
Dez 27, 2014 4:54:57 PM locate.Locator getLocation
Information: Webservice meldet Fehler: Connection timed out: connect
Dez 27, 2014 4:54:57 PM locate.Locator getLocation
Information: Webservice meldet Fehler: Connection timed out: connect
Dez 27, 2014 4:54:58 PM locate.Locator getLocation
Information: Webservice meldet Fehler: Connection timed out: connect
Dez 27, 2014 4:54:58 PM locate.Locator getLocation
Information: Webservice meldet Fehler: Connection timed out: connect
Dez 27, 2014 4:54:58 PM locate.Locator getLocation
Information: Webservice meldet Fehler: Connection timed out: connect
Dez 27, 2014 4:54:58 PM locate.Locator getLocation
Information: Webservice meldet Fehler: Connection timed out: connect
Dez 27, 2014 4:54:58 PM locate.Locator getLocation
Information: Webservice meldet Fehler: Connection timed out: connect
Dez 27, 2014 4:54:58 PM locate.Locator getLocation
Information: Webservice meldet Fehler: Connection timed out: connect
Dez 27, 2014 4:54:58 PM locate.Locator getLocation
Information: Webservice meldet Fehler: Connection timed out: connect
Dez 27, 2014 4:54:58 PM locate.Locator getLocation
Information: Webservice meldet Fehler: Connection timed out: connect
Dez 27, 2014 4:54:58 PM locate.Locator getLocation
Information: Webservice meldet Fehler: Connection timed out: connect
Dez 27, 2014 4:54:58 PM locate.Locator getLocation
Information: Webservice meldet Fehler: Connection timed out: connect
Dez 27, 2014 4:54:58 PM locate.Locator getLocation
Information: Webservice meldet Fehler: Connection timed out: connect
Dez 27, 2014 4:54:58 PM locate.Locator getLocation
Information: Webservice meldet Fehler: Connection timed out: connect
Dez 27, 2014 4:54:58 PM locate.Locator getLocation
Information: Webservice meldet Fehler: Connection timed out: connect
Dez 27, 2014 4:54:59 PM locate.Locator getLocation
Information: Webservice meldet Fehler: Connection timed out: connect
Dez 27, 2014 4:55:00 PM locate.Locator getLocation
Information: Webservice meldet Fehler: Connection timed out: connect
Dez 27, 2014 4:55:18 PM locate.Locator getLocation
Information: Webservice meldet Fehler: Connection timed out: connect
Dez 27, 2014 4:55:18 PM locate.Locator getLocation
Information: Webservice meldet Fehler: Connection timed out: connect
Dez 27, 2014 4:55:18 PM locate.Locator getLocation
Information: Webservice meldet Fehler: Connection timed out: connect
Dez 27, 2014 4:55:18 PM locate.Locator getLocation
Information: Webservice meldet Fehler: Connection timed out: connect
Dez 27, 2014 4:55:18 PM locate.Locator getLocation
Information: Webservice meldet Fehler: Connection timed out: connect
Dez 27, 2014 4:55:19 PM locate.Locator getLocation
Information: Webservice meldet Fehler: Connection timed out: connect
Dez 27, 2014 4:55:19 PM locate.Locator getLocation
Information: Webservice meldet Fehler: Connection timed out: connect
Dez 27, 2014 4:55:19 PM locate.Locator getLocation
Information: Webservice meldet Fehler: Connection timed out: connect
Dez 27, 2014 4:55:19 PM locate.Locator getLocation
Information: Webservice meldet Fehler: Connection timed out: connect
Dez 27, 2014 4:55:19 PM locate.Locator getLocation
Information: Webservice meldet Fehler: Connection timed out: connect
Dez 27, 2014 4:55:19 PM locate.Locator getLocation
Information: Webservice meldet Fehler: Connection timed out: connect
Dez 27, 2014 4:55:19 PM locate.Locator getLocation
Information: Webservice meldet Fehler: Connection timed out: connect
Dez 27, 2014 4:55:19 PM locate.Locator getLocation
Information: Webservice meldet Fehler: Connection timed out: connect
Dez 27, 2014 4:55:19 PM locate.Locator getLocation
Information: Webservice meldet Fehler: Connection timed out: connect
Dez 27, 2014 4:55:19 PM locate.Locator getLocation
Information: Webservice meldet Fehler: Connection timed out: connect
Dez 27, 2014 4:55:19 PM locate.Locator getLocation
Information: Webservice meldet Fehler: Connection timed out: connect
Dez 27, 2014 4:55:19 PM locate.Locator getLocation
Information: Webservice meldet Fehler: Connection timed out: connect
Dez 27, 2014 4:55:20 PM locate.Locator getLocation
Information: Webservice meldet Fehler: Connection timed out: connect
Dez 27, 2014 4:55:20 PM locate.Locator getLocation
Information: Webservice meldet Fehler: Connection timed out: connect
Dez 27, 2014 4:55:21 PM locate.Locator getLocation
Information: Webservice meldet Fehler: Connection timed out: connect
Dez 27, 2014 4:55:39 PM locate.Locator getLocation
Information: Webservice meldet Fehler: Connection timed out: connect
Dez 27, 2014 4:55:40 PM locate.Locator getLocation
Information: Webservice meldet Fehler: Connection timed out: connect
Dez 27, 2014 4:55:40 PM locate.Locator getLocation
Information: Webservice meldet Fehler: Connection timed out: connect
Dez 27, 2014 4:55:40 PM locate.Locator getLocation
Information: Webservice meldet Fehler: Connection timed out: connect
Dez 27, 2014 4:55:40 PM locate.Locator getLocation
Information: Webservice meldet Fehler: Connection timed out: connect
Dez 27, 2014 4:55:42 PM locate.Locator getLocation
Information: Webservice meldet Fehler: Connection timed out: connect
Dez 27, 2014 4:55:42 PM main.Controller shutdown
Information: Program terminated by user
Dez 28, 2014 1:19:54 PM mysql.DBcategorizer getNonCategorized
Warnung: Couldn't execute sql query
Operand should contain 1 column(s)
Dez 28, 2014 1:20:48 PM mysql.DBcategorizer getNonCategorized
Warnung: Couldn't execute sql query
Operand should contain 1 column(s)
